{
  "RSpec": {
    "coverage": {
      "/Users/felix/workspace/to_do_list/config/environment.rb": [
        null,
        1,
        null,
        null,
        1
      ],
      "/Users/felix/workspace/to_do_list/config/application.rb": [
        1,
        null,
        1,
        null,
        1,
        1,
        1,
        1,
        1,
        1,
        1,
        1,
        1,
        null,
        null,
        null,
        null,
        1,
        null,
        1,
        1,
        null,
        1,
        null,
        null,
        null,
        null,
        null,
        null,
        null,
        1,
        null,
        null
      ],
      "/Users/felix/workspace/to_do_list/config/boot.rb": [
        1,
        null,
        1,
        1
      ],
      "/Users/felix/workspace/to_do_list/config/environments/test.rb": [
        1,
        null,
        null,
        null,
        null,
        null,
        null,
        1,
        null,
        null,
        null,
        null,
        1,
        null,
        null,
        1,
        1,
        null,
        null,
        null,
        null,
        1,
        1,
        null,
        null,
        1,
        null,
        null,
        1,
        null,
        null,
        1,
        null,
        1,
        null,
        null,
        null,
        null,
        1,
        null,
        null,
        1,
        null,
        null,
        null,
        null
      ],
      "/Users/felix/workspace/to_do_list/config/initializers/application_controller_renderer.rb": [
        null,
        null,
        null,
        null,
        null,
        null,
        null,
        null
      ],
      "/Users/felix/workspace/to_do_list/config/initializers/assets.rb": [
        null,
        null,
        null,
        1,
        null,
        null,
        null,
        null,
        1,
        null,
        null,
        null,
        null,
        null
      ],
      "/Users/felix/workspace/to_do_list/config/initializers/backtrace_silencers.rb": [
        null,
        null,
        null,
        null,
        null,
        null,
        null
      ],
      "/Users/felix/workspace/to_do_list/config/initializers/content_security_policy.rb": [
        null,
        null,
        null,
        null,
        null,
        null,
        null,
        null,
        null,
        null,
        null,
        null,
        null,
        null,
        null,
        null,
        null,
        null,
        null,
        null,
        null,
        null,
        null,
        null,
        null
      ],
      "/Users/felix/workspace/to_do_list/config/initializers/cookies_serializer.rb": [
        null,
        null,
        null,
        null,
        1
      ],
      "/Users/felix/workspace/to_do_list/config/initializers/filter_parameter_logging.rb": [
        null,
        null,
        null,
        1
      ],
      "/Users/felix/workspace/to_do_list/config/initializers/inflections.rb": [
        null,
        null,
        null,
        null,
        null,
        null,
        null,
        null,
        null,
        null,
        null,
        null,
        null,
        null,
        null,
        null
      ],
      "/Users/felix/workspace/to_do_list/config/initializers/mime_types.rb": [
        null,
        null,
        null,
        null
      ],
      "/Users/felix/workspace/to_do_list/config/initializers/wrap_parameters.rb": [
        null,
        null,
        null,
        null,
        null,
        null,
        1,
        2,
        null,
        null,
        null,
        null,
        null,
        null
      ],
      "/Users/felix/workspace/to_do_list/config/routes.rb": [
        1,
        1,
        null,
        1,
        1,
        null
      ],
      "/Users/felix/workspace/to_do_list/app/helpers/application_helper.rb": [
        1,
        null
      ],
      "/Users/felix/workspace/to_do_list/spec/features/user_create_multiple_tasks_spec.rb": [
        1,
        null,
        1,
        1,
        1,
        1,
        null,
        1,
        null,
        null,
        1,
        null,
        null,
        1,
        null,
        1,
        1,
        1,
        1,
        null,
        null
      ],
      "/Users/felix/workspace/to_do_list/spec/features/user_create_task_list_spec.rb": [
        1,
        null,
        1,
        1,
        1,
        1,
        null,
        1,
        1,
        null,
        1,
        1,
        1,
        null,
        null
      ],
      "/Users/felix/workspace/to_do_list/spec/features/user_visit_root_path_spec.rb": [
        1,
        null,
        1,
        1,
        1,
        null,
        1,
        1,
        null,
        1,
        1,
        1,
        null,
        null,
        1,
        null,
        null,
        null,
        1,
        null,
        1,
        1,
        1,
        1,
        1,
        null,
        null
      ],
      "/Users/felix/workspace/to_do_list/app/models/task_list.rb": [
        1,
        1,
        null
      ],
      "/Users/felix/workspace/to_do_list/app/models/application_record.rb": [
        1,
        1,
        null
      ],
      "/Users/felix/workspace/to_do_list/app/models/task.rb": [
        1,
        1,
        null
      ],
      "/Users/felix/workspace/to_do_list/app/controllers/task_list_controller.rb": [
        1,
        1,
        3,
        3,
        null,
        1,
        1,
        null,
        null
      ],
      "/Users/felix/workspace/to_do_list/app/controllers/application_controller.rb": [
        1,
        null
      ],
      "/Users/felix/workspace/to_do_list/app/controllers/home_controller.rb": [
        1,
        1,
        3,
        null,
        null
      ]
    },
    "timestamp": 1524346232
  }
}
